<?xml version="1.0" encoding="UTF-8"?>
<testng-results ignored="0" total="2" passed="2" failed="0" skipped="0">
  <reporter-output>
  </reporter-output>
  <suite started-at="2025-12-25T22:53:40 CET" name="Suite" finished-at="2025-12-25T22:53:56 CET" duration-ms="15886">
    <groups>
    </groups>
    <test started-at="2025-12-25T22:53:40 CET" name="Test" finished-at="2025-12-25T22:53:56 CET" duration-ms="15886">
      <class name="com.todos.tests.AddToDoTest">
        <test-method is-config="true" signature="SetupTest(java.lang.String)[pri:0, instance:com.todos.tests.AddToDoTest@338fc1d8]" started-at="2025-12-25T22:53:40 CET" name="SetupTest" finished-at="2025-12-25T22:53:50 CET" duration-ms="10423" status="PASS">
          <params>
            <param index="0">
              <value>
                <![CDATA[chrome]]>
              </value>
            </param>
          </params>
          <reporter-output>
          </reporter-output>
        </test-method> <!-- SetupTest -->
        <test-method signature="IcanAddToDo()[pri:1, instance:com.todos.tests.AddToDoTest@338fc1d8]" started-at="2025-12-25T22:53:51 CET" name="IcanAddToDo" finished-at="2025-12-25T22:53:51 CET" duration-ms="368" status="PASS">
          <reporter-output>
          </reporter-output>
        </test-method> <!-- IcanAddToDo -->
        <test-method is-config="true" signature="CleanTest()[pri:0, instance:com.todos.tests.AddToDoTest@338fc1d8]" started-at="2025-12-25T22:53:51 CET" name="CleanTest" finished-at="2025-12-25T22:53:51 CET" duration-ms="0" status="PASS">
          <reporter-output>
          </reporter-output>
        </test-method> <!-- CleanTest -->
      </class> <!-- com.todos.tests.AddToDoTest -->
      <class name="com.todos.tests.RemoveToDo">
        <test-method is-config="true" signature="SetupTest(java.lang.String)[pri:0, instance:com.todos.tests.RemoveToDo@58e1d9d]" started-at="2025-12-25T22:53:51 CET" name="SetupTest" finished-at="2025-12-25T22:53:52 CET" duration-ms="1429" status="PASS">
          <params>
            <param index="0">
              <value>
                <![CDATA[chrome]]>
              </value>
            </param>
          </params>
          <reporter-output>
          </reporter-output>
        </test-method> <!-- SetupTest -->
        <test-method signature="IcanRemoveTodo()[pri:0, instance:com.todos.tests.RemoveToDo@58e1d9d]" started-at="2025-12-25T22:53:53 CET" name="IcanRemoveTodo" finished-at="2025-12-25T22:53:56 CET" duration-ms="3291" status="PASS">
          <reporter-output>
          </reporter-output>
        </test-method> <!-- IcanRemoveTodo -->
        <test-method is-config="true" signature="CleanTest()[pri:0, instance:com.todos.tests.RemoveToDo@58e1d9d]" started-at="2025-12-25T22:53:56 CET" name="CleanTest" finished-at="2025-12-25T22:53:56 CET" duration-ms="0" status="PASS">
          <reporter-output>
          </reporter-output>
        </test-method> <!-- CleanTest -->
      </class> <!-- com.todos.tests.RemoveToDo -->
    </test> <!-- Test -->
  </suite> <!-- Suite -->
</testng-results>
