<?xml version="1.0" encoding="UTF-8"?>
<testng-results ignored="0" total="1" passed="1" failed="0" skipped="0">
  <reporter-output>
  </reporter-output>
  <suite started-at="2025-12-19T01:25:11 CET" name="Suite" finished-at="2025-12-19T01:25:13 CET" duration-ms="2685">
    <groups>
    </groups>
    <test started-at="2025-12-19T01:25:11 CET" name="Test" finished-at="2025-12-19T01:25:13 CET" duration-ms="2685">
      <class name="com.todos.tests.AddToDoTest">
        <test-method is-config="true" signature="SetupTest(java.lang.String)[pri:0, instance:com.todos.tests.AddToDoTest@10e31a9a]" started-at="2025-12-19T01:25:11 CET" name="SetupTest" finished-at="2025-12-19T01:25:13 CET" duration-ms="2270" status="PASS">
          <params>
            <param index="0">
              <value>
                <![CDATA[chrome]]>
              </value>
            </param>
          </params>
          <reporter-output>
          </reporter-output>
        </test-method> <!-- SetupTest -->
        <test-method signature="IcanAddToDo()[pri:1, instance:com.todos.tests.AddToDoTest@10e31a9a]" started-at="2025-12-19T01:25:13 CET" name="IcanAddToDo" finished-at="2025-12-19T01:25:13 CET" duration-ms="360" status="PASS">
          <reporter-output>
          </reporter-output>
        </test-method> <!-- IcanAddToDo -->
        <test-method is-config="true" signature="CleanTest()[pri:0, instance:com.todos.tests.AddToDoTest@10e31a9a]" started-at="2025-12-19T01:25:13 CET" name="CleanTest" finished-at="2025-12-19T01:25:13 CET" duration-ms="2" status="PASS">
          <reporter-output>
          </reporter-output>
        </test-method> <!-- CleanTest -->
      </class> <!-- com.todos.tests.AddToDoTest -->
    </test> <!-- Test -->
  </suite> <!-- Suite -->
</testng-results>
